2017-05-22 11:10:26,172 - ATM-LOG - DEBUG - 账户 hello 本次提现了 1000, 扣除手续费 50, 可用余额还有 2650
2017-05-22 11:14:30,090 - ATM-LOG - DEBUG - 账户 hello 本次提现了 1000, 扣除手续费 50, 可用余额还有 1600
2017-05-22 11:36:29,084 - ATM-LOG - DEBUG - 账户 hello 本次提现了 1000, 扣除手续费 50, 可用余额还有 13950
2017-05-22 11:37:08,088 - ATM-LOG - DEBUG - 账户 hello 本次向 帐号 alice 转账 1000
2017-05-22 11:38:55,722 - ATM-LOG - DEBUG - 本月 hello 已还款 1000,还需要还款1050.0
2017-05-22 11:56:57,808 - ATM-LOG - DEBUG - --> 账单查询
2017-05-22 12:33:36,933 - ATM-LOG - DEBUG - --> 账单查询
2017-05-22 12:35:06,393 - ATM-LOG - DEBUG - --> 账单查询
2017-05-22 12:37:34,370 - ATM-LOG - DEBUG - --> 账单查询
2017-05-22 12:38:54,735 - ATM-LOG - DEBUG - --> 账单查询
2017-05-22 12:40:48,430 - ATM-LOG - DEBUG - --> 账单查询
2017-05-22 12:41:22,532 - ATM-LOG - DEBUG - --> 账单查询
2017-05-22 12:42:35,176 - ATM-LOG - DEBUG - --> 账单查询
2017-05-22 12:45:20,792 - ATM-LOG - DEBUG - --> 账单查询
2017-05-22 12:46:01,111 - ATM-LOG - DEBUG - --> 账单查询
2017-05-22 12:46:55,810 - ATM-LOG - DEBUG - --> 账单查询
2017-05-22 12:47:36,161 - ATM-LOG - DEBUG - --> 账单查询
2017-05-22 12:47:36,630 - ATM-LOG - DEBUG - 2017-05-22 11:14:28 提现 1000, 手续费 50
2017-05-22 12:47:36,630 - ATM-LOG - DEBUG - 2017-05-22 11:36:26 提现 1000, 手续费 50
2017-05-22 12:47:36,630 - ATM-LOG - DEBUG - 2017-05-22 11:38:53 本月还款 1000
2017-05-22 12:50:28,391 - ATM-LOG - DEBUG - --> 账单查询
2017-05-22 12:50:31,862 - ATM-LOG - DEBUG - 2017-05-22 11:14:28 提现 1000, 手续费 50
2017-05-22 12:50:31,862 - ATM-LOG - DEBUG - 2017-05-22 11:36:26 提现 1000, 手续费 50
2017-05-22 12:50:31,862 - ATM-LOG - DEBUG - 2017-05-22 11:38:53 本月还款 1000
2017-05-22 12:51:21,056 - ATM-LOG - DEBUG - --> 账单查询
2017-05-22 12:51:26,822 - ATM-LOG - DEBUG - 2017-05-22 11:36:26 提现 1000, 手续费 50
2017-05-22 12:51:26,822 - ATM-LOG - DEBUG - 2017-05-22 11:38:53 本月还款 1000
2017-05-22 12:52:28,816 - ATM-LOG - DEBUG - --> 账单查询
2017-05-22 12:52:30,356 - ATM-LOG - DEBUG - 2017-04-22 11:14:28 提现 1000, 手续费 50
2017-05-22 12:52:30,356 - ATM-LOG - DEBUG - 2017-05-22 11:36:26 提现 1000, 手续费 50
2017-05-22 12:52:30,356 - ATM-LOG - DEBUG - 2017-05-22 11:38:53 本月还款 1000
2017-05-22 12:53:08,294 - ATM-LOG - DEBUG - 账户 alice 本次提现了 1000, 扣除手续费 50, 可用余额还有 14950
2017-05-22 12:53:12,561 - ATM-LOG - DEBUG - --> 账单查询
2017-05-22 12:53:14,434 - ATM-LOG - DEBUG - 2017-05-22 12:53:06 提现 1000, 手续费 50
2017-05-26 09:20:06,097 - ATM-LOG - DEBUG - --> 账单查询
2017-05-26 09:20:12,627 - ATM-LOG - DEBUG - 2017-05-23 10:11:54 购物支付 188
2017-05-26 09:20:12,628 - ATM-LOG - DEBUG - 2017-05-24 09:01:39 购物支付 188
2017-05-26 09:20:12,628 - ATM-LOG - DEBUG - 2017-05-24 09:04:31 购物支付 0
2017-05-26 09:21:25,115 - ATM-LOG - DEBUG - --> 账单查询
2017-05-26 09:21:30,144 - ATM-LOG - DEBUG - 2017-05-23 10:11:54 购物支付 188
2017-05-26 09:21:30,144 - ATM-LOG - DEBUG - 2017-05-24 09:01:39 购物支付 188
2017-05-26 09:21:30,144 - ATM-LOG - DEBUG - 2017-05-24 09:04:31 购物支付 0
2017-05-26 10:28:23,913 - ATM-LOG - DEBUG - 账户 test 本次提现了 1000, 扣除手续费 50, 可用余额还有 13950
2017-05-26 10:29:00,316 - ATM-LOG - DEBUG - --> 账单查询
2017-05-26 10:29:04,700 - ATM-LOG - DEBUG - 2017-05-23 10:11:54 购物支付 188
2017-05-26 10:29:04,700 - ATM-LOG - DEBUG - 2017-05-24 09:01:39 购物支付 188
2017-05-26 10:29:04,700 - ATM-LOG - DEBUG - 2017-05-24 09:04:31 购物支付 0
2017-05-26 10:29:04,700 - ATM-LOG - DEBUG - 2017-05-26 10:28:22 提现 1000, 手续费 50
2017-05-26 10:32:41,201 - ATM-LOG - DEBUG - --> 账单查询
2017-05-26 10:32:43,914 - ATM-LOG - DEBUG - 2017-05-22 11:36:26 提现 1000, 手续费 50
2017-05-26 10:32:43,915 - ATM-LOG - DEBUG - 2017-05-22 11:38:53 本月还款 1000
2017-05-26 10:36:10,768 - ATM-LOG - DEBUG - --> 账单查询
2017-05-26 10:36:11,673 - ATM-LOG - DEBUG - 2017-05-23 10:11:54 购物支付 188
2017-05-26 10:36:11,673 - ATM-LOG - DEBUG - 2017-05-24 09:01:39 购物支付 188
2017-05-26 10:36:11,673 - ATM-LOG - DEBUG - 2017-05-24 09:04:31 购物支付 0
2017-05-26 10:36:11,673 - ATM-LOG - DEBUG - 2017-05-26 10:28:22 提现 1000, 手续费 50
